# JRE version: Java(TM) SE Runtime Environment (7.0_45-b18) (build 1.7.0_45-b18)
# Java VM: Java HotSpot(TM) Client VM (24.45-b08 mixed mode windows-x86 )
Heap
 def new generation   total 29376K, used 858K [0x04200000, 0x061d0000, 0x09750000)
  eden space 26176K,   3% used [0x04200000, 0x042d6a90, 0x05b90000)
  from space 3200K,   0% used [0x05b90000, 0x05b90000, 0x05eb0000)
  to   space 3200K,   0% used [0x05eb0000, 0x05eb0000, 0x061d0000)
 tenured generation   total 100244K, used 74206K [0x09750000, 0x0f935000, 0x14200000)
   the space 100244K,  74% used [0x09750000, 0x0dfc78a0, 0x0dfc7a00, 0x0f935000)
 compacting perm gen  total 12288K, used 6078K [0x14200000, 0x14e00000, 0x18200000)
   the space 12288K,  49% used [0x14200000, 0x147ef968, 0x147efa00, 0x14e00000)
GC Heap History (10 events):
Event: 0.816 GC heap before
{Heap before GC invocations=6 (full 1):
 def new generation   total 4992K, used 4480K [0x04200000, 0x04760000, 0x09750000)
  eden space 4480K,  99% used [0x04200000, 0x0465ff28, 0x04660000)
  from space 512K,   0% used [0x04660000, 0x04660238, 0x046e0000)
  to   space 512K,   0% used [0x046e0000, 0x046e0000, 0x04760000)
 tenured generation   total 46104K, used 39048K [0x09750000, 0x0c456000, 0x14200000)
   the space 46104K,  84% used [0x09750000, 0x0bd72000, 0x0bd72000, 0x0c456000)
 compacting perm gen  total 12288K, used 6026K [0x14200000, 0x14e00000, 0x18200000)
   the space 12288K,  49% used [0x14200000, 0x147e2ae0, 0x147e2c00, 0x14e00000)
No shared spaces configured.
Event: 0.816 GC heap after
Heap after GC invocations=7 (full 1):
 def new generation   total 4992K, used 0K [0x04200000, 0x04760000, 0x09750000)
  eden space 4480K,   0% used [0x04200000, 0x04200000, 0x04660000)
  from space 512K,   0% used [0x046e0000, 0x046e0238, 0x04760000)
  to   space 512K,   0% used [0x04660000, 0x04660000, 0x046e0000)
 tenured generation   total 46104K, used 39048K [0x09750000, 0x0c456000, 0x14200000)
   the space 46104K,  84% used [0x09750000, 0x0bd72000, 0x0bd72000, 0x0c456000)
 compacting perm gen  total 12288K, used 6026K [0x14200000, 0x14e00000, 0x18200000)
   the space 12288K,  49% used [0x14200000, 0x147e2ae0, 0x147e2c00, 0x14e00000)
No shared spaces configured.
}
Event: 0.880 GC heap before
{Heap before GC invocations=7 (full 1):
 def new generation   total 4992K, used 4469K [0x04200000, 0x04760000, 0x09750000)
  eden space 4480K,  99% used [0x04200000, 0x0465d2a0, 0x04660000)
  from space 512K,   0% used [0x046e0000, 0x046e0238, 0x04760000)
  to   space 512K,   0% used [0x04660000, 0x04660000, 0x046e0000)
 tenured generation   total 46104K, used 39048K [0x09750000, 0x0c456000, 0x14200000)
   the space 46104K,  84% used [0x09750000, 0x0bd72000, 0x0bd72000, 0x0c456000)
 compacting perm gen  total 12288K, used 6026K [0x14200000, 0x14e00000, 0x18200000)
   the space 12288K,  49% used [0x14200000, 0x147e2ae0, 0x147e2c00, 0x14e00000)
No shared spaces configured.
Event: 0.881 GC heap after
Heap after GC invocations=8 (full 1):
 def new generation   total 4992K, used 0K [0x04200000, 0x04760000, 0x09750000)
  eden space 4480K,   0% used [0x04200000, 0x04200000, 0x04660000)
  from space 512K,   0% used [0x04660000, 0x04660238, 0x046e0000)
  to   space 512K,   0% used [0x046e0000, 0x046e0000, 0x04760000)
 tenured generation   total 46104K, used 39048K [0x09750000, 0x0c456000, 0x14200000)
   the space 46104K,  84% used [0x09750000, 0x0bd72000, 0x0bd72000, 0x0c456000)
 compacting perm gen  total 12288K, used 6026K [0x14200000, 0x14e00000, 0x18200000)
   the space 12288K,  49% used [0x14200000, 0x147e2ae0, 0x147e2c00, 0x14e00000)
No shared spaces configured.
}
Event: 0.934 GC heap before
{Heap before GC invocations=8 (full 1):
 def new generation   total 4992K, used 4468K [0x04200000, 0x04760000, 0x09750000)
  eden space 4480K,  99% used [0x04200000, 0x0465d150, 0x04660000)
  from space 512K,   0% used [0x04660000, 0x04660238, 0x046e0000)
  to   space 512K,   0% used [0x046e0000, 0x046e0000, 0x04760000)
 tenured generation   total 46104K, used 39048K [0x09750000, 0x0c456000, 0x14200000)
   the space 46104K,  84% used [0x09750000, 0x0bd72000, 0x0bd72000, 0x0c456000)
 compacting perm gen  total 12288K, used 6026K [0x14200000, 0x14e00000, 0x18200000)
   the space 12288K,  49% used [0x14200000, 0x147e2ae0, 0x147e2c00, 0x14e00000)
No shared spaces configured.
Event: 0.935 GC heap after
Heap after GC invocations=9 (full 1):
 def new generation   total 4992K, used 0K [0x04200000, 0x04760000, 0x09750000)
  eden space 4480K,   0% used [0x04200000, 0x04200000, 0x04660000)
  from space 512K,   0% used [0x046e0000, 0x046e03d8, 0x04760000)
  to   space 512K,   0% used [0x04660000, 0x04660000, 0x046e0000)
 tenured generation   total 46104K, used 39048K [0x09750000, 0x0c456000, 0x14200000)
   the space 46104K,  84% used [0x09750000, 0x0bd72000, 0x0bd72000, 0x0c456000)
 compacting perm gen  total 12288K, used 6026K [0x14200000, 0x14e00000, 0x18200000)
   the space 12288K,  49% used [0x14200000, 0x147e2ae0, 0x147e2c00, 0x14e00000)
No shared spaces configured.
}
Event: 0.989 GC heap before
{Heap before GC invocations=9 (full 1):
 def new generation   total 4992K, used 4480K [0x04200000, 0x04760000, 0x09750000)
  eden space 4480K, 100% used [0x04200000, 0x04660000, 0x04660000)
  from space 512K,   0% used [0x046e0000, 0x046e03d8, 0x04760000)
  to   space 512K,   0% used [0x04660000, 0x04660000, 0x046e0000)
 tenured generation   total 46104K, used 39048K [0x09750000, 0x0c456000, 0x14200000)
   the space 46104K,  84% used [0x09750000, 0x0bd72000, 0x0bd72000, 0x0c456000)
 compacting perm gen  total 12288K, used 6026K [0x14200000, 0x14e00000, 0x18200000)
   the space 12288K,  49% used [0x14200000, 0x147e2ae0, 0x147e2c00, 0x14e00000)
No shared spaces configured.
Event: 0.989 GC heap after
Heap after GC invocations=10 (full 1):
 def new generation   total 4992K, used 0K [0x04200000, 0x04760000, 0x09750000)
  eden space 4480K,   0% used [0x04200000, 0x04200000, 0x04660000)
  from space 512K,   0% used [0x04660000, 0x046603d8, 0x046e0000)
  to   space 512K,   0% used [0x046e0000, 0x046e0000, 0x04760000)
 tenured generation   total 46104K, used 39048K [0x09750000, 0x0c456000, 0x14200000)
   the space 46104K,  84% used [0x09750000, 0x0bd72000, 0x0bd72000, 0x0c456000)
 compacting perm gen  total 12288K, used 6026K [0x14200000, 0x14e00000, 0x18200000)
   the space 12288K,  49% used [0x14200000, 0x147e2ae0, 0x147e2c00, 0x14e00000)
No shared spaces configured.
}
Event: 1.009 GC heap before
{Heap before GC invocations=10 (full 1):
 def new generation   total 4992K, used 758K [0x04200000, 0x04760000, 0x09750000)
  eden space 4480K,  16% used [0x04200000, 0x042bd5c8, 0x04660000)
  from space 512K,   0% used [0x04660000, 0x046603d8, 0x046e0000)
  to   space 512K,   0% used [0x046e0000, 0x046e0000, 0x04760000)
 tenured generation   total 46104K, used 39048K [0x09750000, 0x0c456000, 0x14200000)
   the space 46104K,  84% used [0x09750000, 0x0bd72000, 0x0bd72000, 0x0c456000)
 compacting perm gen  total 12288K, used 6026K [0x14200000, 0x14e00000, 0x18200000)
   the space 12288K,  49% used [0x14200000, 0x147e2ae0, 0x147e2c00, 0x14e00000)
No shared spaces configured.
Event: 1.019 GC heap after
Heap after GC invocations=11 (full 2):
 def new generation   total 29376K, used 0K [0x04200000, 0x061d0000, 0x09750000)
  eden space 26176K,   0% used [0x04200000, 0x04200000, 0x05b90000)
  from space 3200K,   0% used [0x05b90000, 0x05b90000, 0x05eb0000)
  to   space 3200K,   0% used [0x05eb0000, 0x05eb0000, 0x061d0000)
 tenured generation   total 65084K, used 39049K [0x09750000, 0x0d6df000, 0x14200000)
   the space 65084K,  59% used [0x09750000, 0x0bd72790, 0x0bd72800, 0x0d6df000)
 compacting perm gen  total 12288K, used 6026K [0x14200000, 0x14e00000, 0x18200000)
   the space 12288K,  49% used [0x14200000, 0x147e2ae0, 0x147e2c00, 0x14e00000)
No shared spaces configured.
}

